127.0.0.1 - - [21/Sep/2009 09:18:52] "GET / " 200 62754 0.0477
127.0.0.1 - - [21/Sep/2009 09:19:07] "GET / " 200 62754 0.0501
127.0.0.1 - - [21/Sep/2009 09:19:23] "GET /=jquery,jquery.path " 200 208 0.0162
RuntimeError - Could not find dark.css in load path:
 lib/source_file.rb:17:in `initialize'
 lib/expander.rb:12:in `new'
 lib/expander.rb:12:in `load_file'
 lib/expander.rb:8:in `initialize'
 lib/expander.rb:8:in `each'
 lib/expander.rb:8:in `initialize'
 app.rb:29:in `new'
 app.rb:29:in `GET (?-mix:\/=(.+)[?]?(.*))'RuntimeError: Could not find dark.css in load path
	./lib/source_file.rb:17:in `initialize'
	./lib/expander.rb:12:in `new'
	./lib/expander.rb:12:in `load_file'
	./lib/expander.rb:8:in `initialize'
	./lib/expander.rb:8:in `each'
	./lib/expander.rb:8:in `initialize'
	./app.rb:29:in `new'
	./app.rb:29:in `GET (?-mix:\/=(.+)[?]?(.*))'
	/Library/Ruby/Gems/1.8/gems/sinatra-0.9.4/lib/sinatra/base.rb:779:in `call'
	/Library/Ruby/Gems/1.8/gems/sinatra-0.9.4/lib/sinatra/base.rb:779:in `route'
	/Library/Ruby/Gems/1.8/gems/sinatra-0.9.4/lib/sinatra/base.rb:474:in `instance_eval'
	/Library/Ruby/Gems/1.8/gems/sinatra-0.9.4/lib/sinatra/base.rb:474:in `route_eval'
	/Library/Ruby/Gems/1.8/gems/sinatra-0.9.4/lib/sinatra/base.rb:463:in `route!'
	/Library/Ruby/Gems/1.8/gems/sinatra-0.9.4/lib/sinatra/base.rb:460:in `catch'
	/Library/Ruby/Gems/1.8/gems/sinatra-0.9.4/lib/sinatra/base.rb:460:in `route!'
	/Library/Ruby/Gems/1.8/gems/sinatra-0.9.4/lib/sinatra/base.rb:439:in `each'
	/Library/Ruby/Gems/1.8/gems/sinatra-0.9.4/lib/sinatra/base.rb:439:in `route!'
	/Library/Ruby/Gems/1.8/gems/sinatra-0.9.4/lib/sinatra/base.rb:555:in `dispatch!'
	/Library/Ruby/Gems/1.8/gems/sinatra-0.9.4/lib/sinatra/base.rb:375:in `call!'
	/Library/Ruby/Gems/1.8/gems/sinatra-0.9.4/lib/sinatra/base.rb:522:in `instance_eval'
	/Library/Ruby/Gems/1.8/gems/sinatra-0.9.4/lib/sinatra/base.rb:522:in `invoke'
	/Library/Ruby/Gems/1.8/gems/sinatra-0.9.4/lib/sinatra/base.rb:522:in `catch'
	/Library/Ruby/Gems/1.8/gems/sinatra-0.9.4/lib/sinatra/base.rb:522:in `invoke'
	/Library/Ruby/Gems/1.8/gems/sinatra-0.9.4/lib/sinatra/compat.rb:138:in `invoke'
	/Library/Ruby/Gems/1.8/gems/sinatra-0.9.4/lib/sinatra/base.rb:375:in `call!'
	/Library/Ruby/Gems/1.8/gems/sinatra-0.9.4/lib/sinatra/base.rb:364:in `call'
	/Library/Ruby/Gems/1.8/gems/passenger-2.2.5/vendor/rack-1.0.0-git/lib/rack/showexceptions.rb:24:in `call'
	/Library/Ruby/Gems/1.8/gems/passenger-2.2.5/vendor/rack-1.0.0-git/lib/rack/methodoverride.rb:24:in `call'
	/Library/Ruby/Gems/1.8/gems/passenger-2.2.5/vendor/rack-1.0.0-git/lib/rack/commonlogger.rb:18:in `call'
	/Library/Ruby/Gems/1.8/gems/sinatra-0.9.4/lib/sinatra/base.rb:898:in `call'
	/Library/Ruby/Gems/1.8/gems/sinatra-0.9.4/lib/sinatra/base.rb:943:in `synchronize'
	/Library/Ruby/Gems/1.8/gems/sinatra-0.9.4/lib/sinatra/base.rb:898:in `call'
	/Library/Ruby/Gems/1.8/gems/passenger-2.2.5/lib/phusion_passenger/rack/request_handler.rb:95:in `process_request'
	/Library/Ruby/Gems/1.8/gems/passenger-2.2.5/lib/phusion_passenger/abstract_request_handler.rb:207:in `main_loop'
	/Library/Ruby/Gems/1.8/gems/passenger-2.2.5/lib/phusion_passenger/rack/application_spawner.rb:118:in `run'
	/Library/Ruby/Gems/1.8/gems/passenger-2.2.5/lib/phusion_passenger/rack/application_spawner.rb:69:in `spawn_application'
	/Library/Ruby/Gems/1.8/gems/passenger-2.2.5/lib/phusion_passenger/utils.rb:183:in `safe_fork'
	/Library/Ruby/Gems/1.8/gems/passenger-2.2.5/lib/phusion_passenger/rack/application_spawner.rb:62:in `spawn_application'
	/Library/Ruby/Gems/1.8/gems/passenger-2.2.5/lib/phusion_passenger/rack/application_spawner.rb:45:in `spawn_application'
	/Library/Ruby/Gems/1.8/gems/passenger-2.2.5/lib/phusion_passenger/spawn_manager.rb:159:in `spawn_application'
	/Library/Ruby/Gems/1.8/gems/passenger-2.2.5/lib/phusion_passenger/spawn_manager.rb:287:in `handle_spawn_application'
	/Library/Ruby/Gems/1.8/gems/passenger-2.2.5/lib/phusion_passenger/abstract_server.rb:352:in `__send__'
	/Library/Ruby/Gems/1.8/gems/passenger-2.2.5/lib/phusion_passenger/abstract_server.rb:352:in `main_loop'
	/Library/Ruby/Gems/1.8/gems/passenger-2.2.5/lib/phusion_passenger/abstract_server.rb:196:in `start_synchronously'
	/Library/Ruby/Gems/1.8/gems/passenger-2.2.5/bin/passenger-spawn-server:61
127.0.0.1 - - [21/Sep/2009 09:19:23] "GET /=dark.css " 500 122469 0.1481
127.0.0.1 - - [21/Sep/2009 09:19:23] "GET /os/ie-css/jquery.js " 304 - 0.0468
127.0.0.1 - - [21/Sep/2009 09:19:23] "GET /os/jquery.path/jquery.path.js " 304 - 0.0410
RuntimeError - Could not find dark.css in load path:
 lib/source_file.rb:17:in `initialize'
 lib/expander.rb:12:in `new'
 lib/expander.rb:12:in `load_file'
 lib/expander.rb:8:in `initialize'
 lib/expander.rb:8:in `each'
 lib/expander.rb:8:in `initialize'
 app.rb:29:in `new'
 app.rb:29:in `GET (?-mix:\/=(.+)[?]?(.*))'RuntimeError: Could not find dark.css in load path
	./lib/source_file.rb:17:in `initialize'
	./lib/expander.rb:12:in `new'
	./lib/expander.rb:12:in `load_file'
	./lib/expander.rb:8:in `initialize'
	./lib/expander.rb:8:in `each'
	./lib/expander.rb:8:in `initialize'
	./app.rb:29:in `new'
	./app.rb:29:in `GET (?-mix:\/=(.+)[?]?(.*))'
	/Library/Ruby/Gems/1.8/gems/sinatra-0.9.4/lib/sinatra/base.rb:779:in `call'
	/Library/Ruby/Gems/1.8/gems/sinatra-0.9.4/lib/sinatra/base.rb:779:in `route'
	/Library/Ruby/Gems/1.8/gems/sinatra-0.9.4/lib/sinatra/base.rb:474:in `instance_eval'
	/Library/Ruby/Gems/1.8/gems/sinatra-0.9.4/lib/sinatra/base.rb:474:in `route_eval'
	/Library/Ruby/Gems/1.8/gems/sinatra-0.9.4/lib/sinatra/base.rb:463:in `route!'
	/Library/Ruby/Gems/1.8/gems/sinatra-0.9.4/lib/sinatra/base.rb:460:in `catch'
	/Library/Ruby/Gems/1.8/gems/sinatra-0.9.4/lib/sinatra/base.rb:460:in `route!'
	/Library/Ruby/Gems/1.8/gems/sinatra-0.9.4/lib/sinatra/base.rb:439:in `each'
	/Library/Ruby/Gems/1.8/gems/sinatra-0.9.4/lib/sinatra/base.rb:439:in `route!'
	/Library/Ruby/Gems/1.8/gems/sinatra-0.9.4/lib/sinatra/base.rb:555:in `dispatch!'
	/Library/Ruby/Gems/1.8/gems/sinatra-0.9.4/lib/sinatra/base.rb:375:in `call!'
	/Library/Ruby/Gems/1.8/gems/sinatra-0.9.4/lib/sinatra/base.rb:522:in `instance_eval'
	/Library/Ruby/Gems/1.8/gems/sinatra-0.9.4/lib/sinatra/base.rb:522:in `invoke'
	/Library/Ruby/Gems/1.8/gems/sinatra-0.9.4/lib/sinatra/base.rb:522:in `catch'
	/Library/Ruby/Gems/1.8/gems/sinatra-0.9.4/lib/sinatra/base.rb:522:in `invoke'
	/Library/Ruby/Gems/1.8/gems/sinatra-0.9.4/lib/sinatra/compat.rb:138:in `invoke'
	/Library/Ruby/Gems/1.8/gems/sinatra-0.9.4/lib/sinatra/base.rb:375:in `call!'
	/Library/Ruby/Gems/1.8/gems/sinatra-0.9.4/lib/sinatra/base.rb:364:in `call'
	/Library/Ruby/Gems/1.8/gems/passenger-2.2.5/vendor/rack-1.0.0-git/lib/rack/showexceptions.rb:24:in `call'
	/Library/Ruby/Gems/1.8/gems/passenger-2.2.5/vendor/rack-1.0.0-git/lib/rack/methodoverride.rb:24:in `call'
	/Library/Ruby/Gems/1.8/gems/passenger-2.2.5/vendor/rack-1.0.0-git/lib/rack/commonlogger.rb:18:in `call'
	/Library/Ruby/Gems/1.8/gems/sinatra-0.9.4/lib/sinatra/base.rb:898:in `call'
	/Library/Ruby/Gems/1.8/gems/sinatra-0.9.4/lib/sinatra/base.rb:943:in `synchronize'
	/Library/Ruby/Gems/1.8/gems/sinatra-0.9.4/lib/sinatra/base.rb:898:in `call'
	/Library/Ruby/Gems/1.8/gems/passenger-2.2.5/lib/phusion_passenger/rack/request_handler.rb:95:in `process_request'
	/Library/Ruby/Gems/1.8/gems/passenger-2.2.5/lib/phusion_passenger/abstract_request_handler.rb:207:in `main_loop'
	/Library/Ruby/Gems/1.8/gems/passenger-2.2.5/lib/phusion_passenger/rack/application_spawner.rb:118:in `run'
	/Library/Ruby/Gems/1.8/gems/passenger-2.2.5/lib/phusion_passenger/rack/application_spawner.rb:69:in `spawn_application'
	/Library/Ruby/Gems/1.8/gems/passenger-2.2.5/lib/phusion_passenger/utils.rb:183:in `safe_fork'
	/Library/Ruby/Gems/1.8/gems/passenger-2.2.5/lib/phusion_passenger/rack/application_spawner.rb:62:in `spawn_application'
	/Library/Ruby/Gems/1.8/gems/passenger-2.2.5/lib/phusion_passenger/rack/application_spawner.rb:45:in `spawn_application'
	/Library/Ruby/Gems/1.8/gems/passenger-2.2.5/lib/phusion_passenger/spawn_manager.rb:159:in `spawn_application'
	/Library/Ruby/Gems/1.8/gems/passenger-2.2.5/lib/phusion_passenger/spawn_manager.rb:287:in `handle_spawn_application'
	/Library/Ruby/Gems/1.8/gems/passenger-2.2.5/lib/phusion_passenger/abstract_server.rb:352:in `__send__'
	/Library/Ruby/Gems/1.8/gems/passenger-2.2.5/lib/phusion_passenger/abstract_server.rb:352:in `main_loop'
	/Library/Ruby/Gems/1.8/gems/passenger-2.2.5/lib/phusion_passenger/abstract_server.rb:196:in `start_synchronously'
	/Library/Ruby/Gems/1.8/gems/passenger-2.2.5/bin/passenger-spawn-server:61
127.0.0.1 - - [21/Sep/2009 09:19:23] "GET /=dark.css " 500 122475 0.1095
127.0.0.1 - - [21/Sep/2009 09:21:06] "GET / " 200 62754 0.0687
127.0.0.1 - - [21/Sep/2009 09:21:09] "GET / " 200 62754 0.0469
127.0.0.1 - - [21/Sep/2009 09:21:16] "GET / " 200 8755 0.0464
127.0.0.1 - - [21/Sep/2009 09:21:28] "GET /os/ie-css/style.css " 200 133 0.0425
RuntimeError - Could not find style.css in load path:
 lib/source_file.rb:17:in `initialize'
 lib/expander.rb:12:in `new'
 lib/expander.rb:12:in `load_file'
 lib/expander.rb:8:in `initialize'
 lib/expander.rb:8:in `each'
 lib/expander.rb:8:in `initialize'
 app.rb:29:in `new'
 app.rb:29:in `GET (?-mix:\/=(.+)[?]?(.*))'RuntimeError: Could not find style.css in load path
	./lib/source_file.rb:17:in `initialize'
	./lib/expander.rb:12:in `new'
	./lib/expander.rb:12:in `load_file'
	./lib/expander.rb:8:in `initialize'
	./lib/expander.rb:8:in `each'
	./lib/expander.rb:8:in `initialize'
	./app.rb:29:in `new'
	./app.rb:29:in `GET (?-mix:\/=(.+)[?]?(.*))'
	/Library/Ruby/Gems/1.8/gems/sinatra-0.9.4/lib/sinatra/base.rb:779:in `call'
	/Library/Ruby/Gems/1.8/gems/sinatra-0.9.4/lib/sinatra/base.rb:779:in `route'
	/Library/Ruby/Gems/1.8/gems/sinatra-0.9.4/lib/sinatra/base.rb:474:in `instance_eval'
	/Library/Ruby/Gems/1.8/gems/sinatra-0.9.4/lib/sinatra/base.rb:474:in `route_eval'
	/Library/Ruby/Gems/1.8/gems/sinatra-0.9.4/lib/sinatra/base.rb:463:in `route!'
	/Library/Ruby/Gems/1.8/gems/sinatra-0.9.4/lib/sinatra/base.rb:460:in `catch'
	/Library/Ruby/Gems/1.8/gems/sinatra-0.9.4/lib/sinatra/base.rb:460:in `route!'
	/Library/Ruby/Gems/1.8/gems/sinatra-0.9.4/lib/sinatra/base.rb:439:in `each'
	/Library/Ruby/Gems/1.8/gems/sinatra-0.9.4/lib/sinatra/base.rb:439:in `route!'
	/Library/Ruby/Gems/1.8/gems/sinatra-0.9.4/lib/sinatra/base.rb:555:in `dispatch!'
	/Library/Ruby/Gems/1.8/gems/sinatra-0.9.4/lib/sinatra/base.rb:375:in `call!'
	/Library/Ruby/Gems/1.8/gems/sinatra-0.9.4/lib/sinatra/base.rb:522:in `instance_eval'
	/Library/Ruby/Gems/1.8/gems/sinatra-0.9.4/lib/sinatra/base.rb:522:in `invoke'
	/Library/Ruby/Gems/1.8/gems/sinatra-0.9.4/lib/sinatra/base.rb:522:in `catch'
	/Library/Ruby/Gems/1.8/gems/sinatra-0.9.4/lib/sinatra/base.rb:522:in `invoke'
	/Library/Ruby/Gems/1.8/gems/sinatra-0.9.4/lib/sinatra/compat.rb:138:in `invoke'
	/Library/Ruby/Gems/1.8/gems/sinatra-0.9.4/lib/sinatra/base.rb:375:in `call!'
	/Library/Ruby/Gems/1.8/gems/sinatra-0.9.4/lib/sinatra/base.rb:364:in `call'
	/Library/Ruby/Gems/1.8/gems/passenger-2.2.5/vendor/rack-1.0.0-git/lib/rack/showexceptions.rb:24:in `call'
	/Library/Ruby/Gems/1.8/gems/passenger-2.2.5/vendor/rack-1.0.0-git/lib/rack/methodoverride.rb:24:in `call'
	/Library/Ruby/Gems/1.8/gems/passenger-2.2.5/vendor/rack-1.0.0-git/lib/rack/commonlogger.rb:18:in `call'
	/Library/Ruby/Gems/1.8/gems/sinatra-0.9.4/lib/sinatra/base.rb:898:in `call'
	/Library/Ruby/Gems/1.8/gems/sinatra-0.9.4/lib/sinatra/base.rb:943:in `synchronize'
	/Library/Ruby/Gems/1.8/gems/sinatra-0.9.4/lib/sinatra/base.rb:898:in `call'
	/Library/Ruby/Gems/1.8/gems/passenger-2.2.5/lib/phusion_passenger/rack/request_handler.rb:95:in `process_request'
	/Library/Ruby/Gems/1.8/gems/passenger-2.2.5/lib/phusion_passenger/abstract_request_handler.rb:207:in `main_loop'
	/Library/Ruby/Gems/1.8/gems/passenger-2.2.5/lib/phusion_passenger/rack/application_spawner.rb:118:in `run'
	/Library/Ruby/Gems/1.8/gems/passenger-2.2.5/lib/phusion_passenger/rack/application_spawner.rb:69:in `spawn_application'
	/Library/Ruby/Gems/1.8/gems/passenger-2.2.5/lib/phusion_passenger/utils.rb:183:in `safe_fork'
	/Library/Ruby/Gems/1.8/gems/passenger-2.2.5/lib/phusion_passenger/rack/application_spawner.rb:62:in `spawn_application'
	/Library/Ruby/Gems/1.8/gems/passenger-2.2.5/lib/phusion_passenger/rack/application_spawner.rb:45:in `spawn_application'
	/Library/Ruby/Gems/1.8/gems/passenger-2.2.5/lib/phusion_passenger/spawn_manager.rb:159:in `spawn_application'
	/Library/Ruby/Gems/1.8/gems/passenger-2.2.5/lib/phusion_passenger/spawn_manager.rb:287:in `handle_spawn_application'
	/Library/Ruby/Gems/1.8/gems/passenger-2.2.5/lib/phusion_passenger/abstract_server.rb:352:in `__send__'
	/Library/Ruby/Gems/1.8/gems/passenger-2.2.5/lib/phusion_passenger/abstract_server.rb:352:in `main_loop'
	/Library/Ruby/Gems/1.8/gems/passenger-2.2.5/lib/phusion_passenger/abstract_server.rb:196:in `start_synchronously'
	/Library/Ruby/Gems/1.8/gems/passenger-2.2.5/bin/passenger-spawn-server:61
127.0.0.1 - - [21/Sep/2009 09:21:34] "GET /=style.css " 500 122409 0.1099
127.0.0.1 - - [21/Sep/2009 09:21:34] "GET /__sinatra__/500.png " 200 31056 0.0009
RuntimeError - Could not find style.css in load path:
 lib/source_file.rb:17:in `initialize'
 lib/expander.rb:12:in `new'
 lib/expander.rb:12:in `load_file'
 lib/expander.rb:8:in `initialize'
 lib/expander.rb:8:in `each'
 lib/expander.rb:8:in `initialize'
 app.rb:29:in `new'
 app.rb:29:in `GET (?-mix:\/=(.+)[?]?(.*))'RuntimeError: Could not find style.css in load path
	./lib/source_file.rb:17:in `initialize'
	./lib/expander.rb:12:in `new'
	./lib/expander.rb:12:in `load_file'
	./lib/expander.rb:8:in `initialize'
	./lib/expander.rb:8:in `each'
	./lib/expander.rb:8:in `initialize'
	./app.rb:29:in `new'
	./app.rb:29:in `GET (?-mix:\/=(.+)[?]?(.*))'
	/Library/Ruby/Gems/1.8/gems/sinatra-0.9.4/lib/sinatra/base.rb:779:in `call'
	/Library/Ruby/Gems/1.8/gems/sinatra-0.9.4/lib/sinatra/base.rb:779:in `route'
	/Library/Ruby/Gems/1.8/gems/sinatra-0.9.4/lib/sinatra/base.rb:474:in `instance_eval'
	/Library/Ruby/Gems/1.8/gems/sinatra-0.9.4/lib/sinatra/base.rb:474:in `route_eval'
	/Library/Ruby/Gems/1.8/gems/sinatra-0.9.4/lib/sinatra/base.rb:463:in `route!'
	/Library/Ruby/Gems/1.8/gems/sinatra-0.9.4/lib/sinatra/base.rb:460:in `catch'
	/Library/Ruby/Gems/1.8/gems/sinatra-0.9.4/lib/sinatra/base.rb:460:in `route!'
	/Library/Ruby/Gems/1.8/gems/sinatra-0.9.4/lib/sinatra/base.rb:439:in `each'
	/Library/Ruby/Gems/1.8/gems/sinatra-0.9.4/lib/sinatra/base.rb:439:in `route!'
	/Library/Ruby/Gems/1.8/gems/sinatra-0.9.4/lib/sinatra/base.rb:555:in `dispatch!'
	/Library/Ruby/Gems/1.8/gems/sinatra-0.9.4/lib/sinatra/base.rb:375:in `call!'
	/Library/Ruby/Gems/1.8/gems/sinatra-0.9.4/lib/sinatra/base.rb:522:in `instance_eval'
	/Library/Ruby/Gems/1.8/gems/sinatra-0.9.4/lib/sinatra/base.rb:522:in `invoke'
	/Library/Ruby/Gems/1.8/gems/sinatra-0.9.4/lib/sinatra/base.rb:522:in `catch'
	/Library/Ruby/Gems/1.8/gems/sinatra-0.9.4/lib/sinatra/base.rb:522:in `invoke'
	/Library/Ruby/Gems/1.8/gems/sinatra-0.9.4/lib/sinatra/compat.rb:138:in `invoke'
	/Library/Ruby/Gems/1.8/gems/sinatra-0.9.4/lib/sinatra/base.rb:375:in `call!'
	/Library/Ruby/Gems/1.8/gems/sinatra-0.9.4/lib/sinatra/base.rb:364:in `call'
	/Library/Ruby/Gems/1.8/gems/passenger-2.2.5/vendor/rack-1.0.0-git/lib/rack/showexceptions.rb:24:in `call'
	/Library/Ruby/Gems/1.8/gems/passenger-2.2.5/vendor/rack-1.0.0-git/lib/rack/methodoverride.rb:24:in `call'
	/Library/Ruby/Gems/1.8/gems/passenger-2.2.5/vendor/rack-1.0.0-git/lib/rack/commonlogger.rb:18:in `call'
	/Library/Ruby/Gems/1.8/gems/sinatra-0.9.4/lib/sinatra/base.rb:898:in `call'
	/Library/Ruby/Gems/1.8/gems/sinatra-0.9.4/lib/sinatra/base.rb:943:in `synchronize'
	/Library/Ruby/Gems/1.8/gems/sinatra-0.9.4/lib/sinatra/base.rb:898:in `call'
	/Library/Ruby/Gems/1.8/gems/passenger-2.2.5/lib/phusion_passenger/rack/request_handler.rb:95:in `process_request'
	/Library/Ruby/Gems/1.8/gems/passenger-2.2.5/lib/phusion_passenger/abstract_request_handler.rb:207:in `main_loop'
	/Library/Ruby/Gems/1.8/gems/passenger-2.2.5/lib/phusion_passenger/rack/application_spawner.rb:118:in `run'
	/Library/Ruby/Gems/1.8/gems/passenger-2.2.5/lib/phusion_passenger/rack/application_spawner.rb:69:in `spawn_application'
	/Library/Ruby/Gems/1.8/gems/passenger-2.2.5/lib/phusion_passenger/utils.rb:183:in `safe_fork'
	/Library/Ruby/Gems/1.8/gems/passenger-2.2.5/lib/phusion_passenger/rack/application_spawner.rb:62:in `spawn_application'
	/Library/Ruby/Gems/1.8/gems/passenger-2.2.5/lib/phusion_passenger/rack/application_spawner.rb:45:in `spawn_application'
	/Library/Ruby/Gems/1.8/gems/passenger-2.2.5/lib/phusion_passenger/spawn_manager.rb:159:in `spawn_application'
	/Library/Ruby/Gems/1.8/gems/passenger-2.2.5/lib/phusion_passenger/spawn_manager.rb:287:in `handle_spawn_application'
	/Library/Ruby/Gems/1.8/gems/passenger-2.2.5/lib/phusion_passenger/abstract_server.rb:352:in `__send__'
	/Library/Ruby/Gems/1.8/gems/passenger-2.2.5/lib/phusion_passenger/abstract_server.rb:352:in `main_loop'
	/Library/Ruby/Gems/1.8/gems/passenger-2.2.5/lib/phusion_passenger/abstract_server.rb:196:in `start_synchronously'
	/Library/Ruby/Gems/1.8/gems/passenger-2.2.5/bin/passenger-spawn-server:61
127.0.0.1 - - [21/Sep/2009 09:21:36] "GET /=style.css " 500 122545 0.0951
127.0.0.1 - - [21/Sep/2009 09:21:36] "GET /__sinatra__/500.png " 304 - 0.0008
RuntimeError - Could not find style.css in load path:
 lib/source_file.rb:17:in `initialize'
 lib/expander.rb:12:in `new'
 lib/expander.rb:12:in `load_file'
 lib/expander.rb:8:in `initialize'
 lib/expander.rb:8:in `each'
 lib/expander.rb:8:in `initialize'
 app.rb:29:in `new'
 app.rb:29:in `GET (?-mix:\/=(.+)[?]?(.*))'RuntimeError: Could not find style.css in load path
	./lib/source_file.rb:17:in `initialize'
	./lib/expander.rb:12:in `new'
	./lib/expander.rb:12:in `load_file'
	./lib/expander.rb:8:in `initialize'
	./lib/expander.rb:8:in `each'
	./lib/expander.rb:8:in `initialize'
	./app.rb:29:in `new'
	./app.rb:29:in `GET (?-mix:\/=(.+)[?]?(.*))'
	/Library/Ruby/Gems/1.8/gems/sinatra-0.9.4/lib/sinatra/base.rb:779:in `call'
	/Library/Ruby/Gems/1.8/gems/sinatra-0.9.4/lib/sinatra/base.rb:779:in `route'
	/Library/Ruby/Gems/1.8/gems/sinatra-0.9.4/lib/sinatra/base.rb:474:in `instance_eval'
	/Library/Ruby/Gems/1.8/gems/sinatra-0.9.4/lib/sinatra/base.rb:474:in `route_eval'
	/Library/Ruby/Gems/1.8/gems/sinatra-0.9.4/lib/sinatra/base.rb:463:in `route!'
	/Library/Ruby/Gems/1.8/gems/sinatra-0.9.4/lib/sinatra/base.rb:460:in `catch'
	/Library/Ruby/Gems/1.8/gems/sinatra-0.9.4/lib/sinatra/base.rb:460:in `route!'
	/Library/Ruby/Gems/1.8/gems/sinatra-0.9.4/lib/sinatra/base.rb:439:in `each'
	/Library/Ruby/Gems/1.8/gems/sinatra-0.9.4/lib/sinatra/base.rb:439:in `route!'
	/Library/Ruby/Gems/1.8/gems/sinatra-0.9.4/lib/sinatra/base.rb:555:in `dispatch!'
	/Library/Ruby/Gems/1.8/gems/sinatra-0.9.4/lib/sinatra/base.rb:375:in `call!'
	/Library/Ruby/Gems/1.8/gems/sinatra-0.9.4/lib/sinatra/base.rb:522:in `instance_eval'
	/Library/Ruby/Gems/1.8/gems/sinatra-0.9.4/lib/sinatra/base.rb:522:in `invoke'
	/Library/Ruby/Gems/1.8/gems/sinatra-0.9.4/lib/sinatra/base.rb:522:in `catch'
	/Library/Ruby/Gems/1.8/gems/sinatra-0.9.4/lib/sinatra/base.rb:522:in `invoke'
	/Library/Ruby/Gems/1.8/gems/sinatra-0.9.4/lib/sinatra/compat.rb:138:in `invoke'
	/Library/Ruby/Gems/1.8/gems/sinatra-0.9.4/lib/sinatra/base.rb:375:in `call!'
	/Library/Ruby/Gems/1.8/gems/sinatra-0.9.4/lib/sinatra/base.rb:364:in `call'
	/Library/Ruby/Gems/1.8/gems/passenger-2.2.5/vendor/rack-1.0.0-git/lib/rack/showexceptions.rb:24:in `call'
	/Library/Ruby/Gems/1.8/gems/passenger-2.2.5/vendor/rack-1.0.0-git/lib/rack/methodoverride.rb:24:in `call'
	/Library/Ruby/Gems/1.8/gems/passenger-2.2.5/vendor/rack-1.0.0-git/lib/rack/commonlogger.rb:18:in `call'
	/Library/Ruby/Gems/1.8/gems/sinatra-0.9.4/lib/sinatra/base.rb:898:in `call'
	/Library/Ruby/Gems/1.8/gems/sinatra-0.9.4/lib/sinatra/base.rb:943:in `synchronize'
	/Library/Ruby/Gems/1.8/gems/sinatra-0.9.4/lib/sinatra/base.rb:898:in `call'
	/Library/Ruby/Gems/1.8/gems/passenger-2.2.5/lib/phusion_passenger/rack/request_handler.rb:95:in `process_request'
	/Library/Ruby/Gems/1.8/gems/passenger-2.2.5/lib/phusion_passenger/abstract_request_handler.rb:207:in `main_loop'
	/Library/Ruby/Gems/1.8/gems/passenger-2.2.5/lib/phusion_passenger/rack/application_spawner.rb:118:in `run'
	/Library/Ruby/Gems/1.8/gems/passenger-2.2.5/lib/phusion_passenger/rack/application_spawner.rb:69:in `spawn_application'
	/Library/Ruby/Gems/1.8/gems/passenger-2.2.5/lib/phusion_passenger/utils.rb:183:in `safe_fork'
	/Library/Ruby/Gems/1.8/gems/passenger-2.2.5/lib/phusion_passenger/rack/application_spawner.rb:62:in `spawn_application'
	/Library/Ruby/Gems/1.8/gems/passenger-2.2.5/lib/phusion_passenger/rack/application_spawner.rb:45:in `spawn_application'
	/Library/Ruby/Gems/1.8/gems/passenger-2.2.5/lib/phusion_passenger/spawn_manager.rb:159:in `spawn_application'
	/Library/Ruby/Gems/1.8/gems/passenger-2.2.5/lib/phusion_passenger/spawn_manager.rb:287:in `handle_spawn_application'
	/Library/Ruby/Gems/1.8/gems/passenger-2.2.5/lib/phusion_passenger/abstract_server.rb:352:in `__send__'
	/Library/Ruby/Gems/1.8/gems/passenger-2.2.5/lib/phusion_passenger/abstract_server.rb:352:in `main_loop'
	/Library/Ruby/Gems/1.8/gems/passenger-2.2.5/lib/phusion_passenger/abstract_server.rb:196:in `start_synchronously'
	/Library/Ruby/Gems/1.8/gems/passenger-2.2.5/bin/passenger-spawn-server:61
127.0.0.1 - - [21/Sep/2009 09:22:33] "GET /=style.css " 500 122574 0.1123
127.0.0.1 - - [21/Sep/2009 09:22:33] "GET /__sinatra__/500.png " 304 - 0.0009
RuntimeError - Could not find style.css in load path:
 lib/source_file.rb:17:in `initialize'
 lib/expander.rb:12:in `new'
 lib/expander.rb:12:in `load_file'
 lib/expander.rb:8:in `initialize'
 lib/expander.rb:8:in `each'
 lib/expander.rb:8:in `initialize'
 app.rb:29:in `new'
 app.rb:29:in `GET (?-mix:\/=(.+)[?]?(.*))'RuntimeError: Could not find style.css in load path
	./lib/source_file.rb:17:in `initialize'
	./lib/expander.rb:12:in `new'
	./lib/expander.rb:12:in `load_file'
	./lib/expander.rb:8:in `initialize'
	./lib/expander.rb:8:in `each'
	./lib/expander.rb:8:in `initialize'
	./app.rb:29:in `new'
	./app.rb:29:in `GET (?-mix:\/=(.+)[?]?(.*))'
	/Library/Ruby/Gems/1.8/gems/sinatra-0.9.4/lib/sinatra/base.rb:779:in `call'
	/Library/Ruby/Gems/1.8/gems/sinatra-0.9.4/lib/sinatra/base.rb:779:in `route'
	/Library/Ruby/Gems/1.8/gems/sinatra-0.9.4/lib/sinatra/base.rb:474:in `instance_eval'
	/Library/Ruby/Gems/1.8/gems/sinatra-0.9.4/lib/sinatra/base.rb:474:in `route_eval'
	/Library/Ruby/Gems/1.8/gems/sinatra-0.9.4/lib/sinatra/base.rb:463:in `route!'
	/Library/Ruby/Gems/1.8/gems/sinatra-0.9.4/lib/sinatra/base.rb:460:in `catch'
	/Library/Ruby/Gems/1.8/gems/sinatra-0.9.4/lib/sinatra/base.rb:460:in `route!'
	/Library/Ruby/Gems/1.8/gems/sinatra-0.9.4/lib/sinatra/base.rb:439:in `each'
	/Library/Ruby/Gems/1.8/gems/sinatra-0.9.4/lib/sinatra/base.rb:439:in `route!'
	/Library/Ruby/Gems/1.8/gems/sinatra-0.9.4/lib/sinatra/base.rb:555:in `dispatch!'
	/Library/Ruby/Gems/1.8/gems/sinatra-0.9.4/lib/sinatra/base.rb:375:in `call!'
	/Library/Ruby/Gems/1.8/gems/sinatra-0.9.4/lib/sinatra/base.rb:522:in `instance_eval'
	/Library/Ruby/Gems/1.8/gems/sinatra-0.9.4/lib/sinatra/base.rb:522:in `invoke'
	/Library/Ruby/Gems/1.8/gems/sinatra-0.9.4/lib/sinatra/base.rb:522:in `catch'
	/Library/Ruby/Gems/1.8/gems/sinatra-0.9.4/lib/sinatra/base.rb:522:in `invoke'
	/Library/Ruby/Gems/1.8/gems/sinatra-0.9.4/lib/sinatra/compat.rb:138:in `invoke'
	/Library/Ruby/Gems/1.8/gems/sinatra-0.9.4/lib/sinatra/base.rb:375:in `call!'
	/Library/Ruby/Gems/1.8/gems/sinatra-0.9.4/lib/sinatra/base.rb:364:in `call'
	/Library/Ruby/Gems/1.8/gems/passenger-2.2.5/vendor/rack-1.0.0-git/lib/rack/showexceptions.rb:24:in `call'
	/Library/Ruby/Gems/1.8/gems/passenger-2.2.5/vendor/rack-1.0.0-git/lib/rack/methodoverride.rb:24:in `call'
	/Library/Ruby/Gems/1.8/gems/passenger-2.2.5/vendor/rack-1.0.0-git/lib/rack/commonlogger.rb:18:in `call'
	/Library/Ruby/Gems/1.8/gems/sinatra-0.9.4/lib/sinatra/base.rb:898:in `call'
	/Library/Ruby/Gems/1.8/gems/sinatra-0.9.4/lib/sinatra/base.rb:943:in `synchronize'
	/Library/Ruby/Gems/1.8/gems/sinatra-0.9.4/lib/sinatra/base.rb:898:in `call'
	/Library/Ruby/Gems/1.8/gems/passenger-2.2.5/lib/phusion_passenger/rack/request_handler.rb:95:in `process_request'
	/Library/Ruby/Gems/1.8/gems/passenger-2.2.5/lib/phusion_passenger/abstract_request_handler.rb:207:in `main_loop'
	/Library/Ruby/Gems/1.8/gems/passenger-2.2.5/lib/phusion_passenger/rack/application_spawner.rb:118:in `run'
	/Library/Ruby/Gems/1.8/gems/passenger-2.2.5/lib/phusion_passenger/rack/application_spawner.rb:69:in `spawn_application'
	/Library/Ruby/Gems/1.8/gems/passenger-2.2.5/lib/phusion_passenger/utils.rb:183:in `safe_fork'
	/Library/Ruby/Gems/1.8/gems/passenger-2.2.5/lib/phusion_passenger/rack/application_spawner.rb:62:in `spawn_application'
	/Library/Ruby/Gems/1.8/gems/passenger-2.2.5/lib/phusion_passenger/rack/application_spawner.rb:45:in `spawn_application'
	/Library/Ruby/Gems/1.8/gems/passenger-2.2.5/lib/phusion_passenger/spawn_manager.rb:159:in `spawn_application'
	/Library/Ruby/Gems/1.8/gems/passenger-2.2.5/lib/phusion_passenger/spawn_manager.rb:287:in `handle_spawn_application'
	/Library/Ruby/Gems/1.8/gems/passenger-2.2.5/lib/phusion_passenger/abstract_server.rb:352:in `__send__'
	/Library/Ruby/Gems/1.8/gems/passenger-2.2.5/lib/phusion_passenger/abstract_server.rb:352:in `main_loop'
	/Library/Ruby/Gems/1.8/gems/passenger-2.2.5/lib/phusion_passenger/abstract_server.rb:196:in `start_synchronously'
	/Library/Ruby/Gems/1.8/gems/passenger-2.2.5/bin/passenger-spawn-server:61
127.0.0.1 - - [21/Sep/2009 09:22:34] "GET /=style.css " 500 122574 0.1030
127.0.0.1 - - [21/Sep/2009 09:22:34] "GET /__sinatra__/500.png " 304 - 0.0009
127.0.0.1 - - [21/Sep/2009 09:22:41] "GET /=style.css " 200 133 0.0087
127.0.0.1 - - [21/Sep/2009 09:22:42] "GET /=style.css " 304 - 0.0099
RuntimeError - Could not find jquery.path in load path:
 lib/source_file.rb:17:in `initialize'
 lib/expander.rb:12:in `new'
 lib/expander.rb:12:in `load_file'
 lib/expander.rb:8:in `initialize'
 lib/expander.rb:8:in `each'
 lib/expander.rb:8:in `initialize'
 app.rb:29:in `new'
 app.rb:29:in `GET (?-mix:\/=(.+)[?]?(.*))'RuntimeError: Could not find jquery.path in load path
	./lib/source_file.rb:17:in `initialize'
	./lib/expander.rb:12:in `new'
	./lib/expander.rb:12:in `load_file'
	./lib/expander.rb:8:in `initialize'
	./lib/expander.rb:8:in `each'
	./lib/expander.rb:8:in `initialize'
	./app.rb:29:in `new'
	./app.rb:29:in `GET (?-mix:\/=(.+)[?]?(.*))'
	/Library/Ruby/Gems/1.8/gems/sinatra-0.9.4/lib/sinatra/base.rb:779:in `call'
	/Library/Ruby/Gems/1.8/gems/sinatra-0.9.4/lib/sinatra/base.rb:779:in `route'
	/Library/Ruby/Gems/1.8/gems/sinatra-0.9.4/lib/sinatra/base.rb:474:in `instance_eval'
	/Library/Ruby/Gems/1.8/gems/sinatra-0.9.4/lib/sinatra/base.rb:474:in `route_eval'
	/Library/Ruby/Gems/1.8/gems/sinatra-0.9.4/lib/sinatra/base.rb:463:in `route!'
	/Library/Ruby/Gems/1.8/gems/sinatra-0.9.4/lib/sinatra/base.rb:460:in `catch'
	/Library/Ruby/Gems/1.8/gems/sinatra-0.9.4/lib/sinatra/base.rb:460:in `route!'
	/Library/Ruby/Gems/1.8/gems/sinatra-0.9.4/lib/sinatra/base.rb:439:in `each'
	/Library/Ruby/Gems/1.8/gems/sinatra-0.9.4/lib/sinatra/base.rb:439:in `route!'
	/Library/Ruby/Gems/1.8/gems/sinatra-0.9.4/lib/sinatra/base.rb:555:in `dispatch!'
	/Library/Ruby/Gems/1.8/gems/sinatra-0.9.4/lib/sinatra/base.rb:375:in `call!'
	/Library/Ruby/Gems/1.8/gems/sinatra-0.9.4/lib/sinatra/base.rb:522:in `instance_eval'
	/Library/Ruby/Gems/1.8/gems/sinatra-0.9.4/lib/sinatra/base.rb:522:in `invoke'
	/Library/Ruby/Gems/1.8/gems/sinatra-0.9.4/lib/sinatra/base.rb:522:in `catch'
	/Library/Ruby/Gems/1.8/gems/sinatra-0.9.4/lib/sinatra/base.rb:522:in `invoke'
	/Library/Ruby/Gems/1.8/gems/sinatra-0.9.4/lib/sinatra/compat.rb:138:in `invoke'
	/Library/Ruby/Gems/1.8/gems/sinatra-0.9.4/lib/sinatra/base.rb:375:in `call!'
	/Library/Ruby/Gems/1.8/gems/sinatra-0.9.4/lib/sinatra/base.rb:364:in `call'
	/Library/Ruby/Gems/1.8/gems/passenger-2.2.5/vendor/rack-1.0.0-git/lib/rack/showexceptions.rb:24:in `call'
	/Library/Ruby/Gems/1.8/gems/passenger-2.2.5/vendor/rack-1.0.0-git/lib/rack/methodoverride.rb:24:in `call'
	/Library/Ruby/Gems/1.8/gems/passenger-2.2.5/vendor/rack-1.0.0-git/lib/rack/commonlogger.rb:18:in `call'
	/Library/Ruby/Gems/1.8/gems/sinatra-0.9.4/lib/sinatra/base.rb:898:in `call'
	/Library/Ruby/Gems/1.8/gems/sinatra-0.9.4/lib/sinatra/base.rb:943:in `synchronize'
	/Library/Ruby/Gems/1.8/gems/sinatra-0.9.4/lib/sinatra/base.rb:898:in `call'
	/Library/Ruby/Gems/1.8/gems/passenger-2.2.5/lib/phusion_passenger/rack/request_handler.rb:95:in `process_request'
	/Library/Ruby/Gems/1.8/gems/passenger-2.2.5/lib/phusion_passenger/abstract_request_handler.rb:207:in `main_loop'
	/Library/Ruby/Gems/1.8/gems/passenger-2.2.5/lib/phusion_passenger/rack/application_spawner.rb:118:in `run'
	/Library/Ruby/Gems/1.8/gems/passenger-2.2.5/lib/phusion_passenger/rack/application_spawner.rb:69:in `spawn_application'
	/Library/Ruby/Gems/1.8/gems/passenger-2.2.5/lib/phusion_passenger/utils.rb:183:in `safe_fork'
	/Library/Ruby/Gems/1.8/gems/passenger-2.2.5/lib/phusion_passenger/rack/application_spawner.rb:62:in `spawn_application'
	/Library/Ruby/Gems/1.8/gems/passenger-2.2.5/lib/phusion_passenger/rack/application_spawner.rb:45:in `spawn_application'
	/Library/Ruby/Gems/1.8/gems/passenger-2.2.5/lib/phusion_passenger/spawn_manager.rb:159:in `spawn_application'
	/Library/Ruby/Gems/1.8/gems/passenger-2.2.5/lib/phusion_passenger/spawn_manager.rb:287:in `handle_spawn_application'
	/Library/Ruby/Gems/1.8/gems/passenger-2.2.5/lib/phusion_passenger/abstract_server.rb:352:in `__send__'
	/Library/Ruby/Gems/1.8/gems/passenger-2.2.5/lib/phusion_passenger/abstract_server.rb:352:in `main_loop'
	/Library/Ruby/Gems/1.8/gems/passenger-2.2.5/lib/phusion_passenger/abstract_server.rb:196:in `start_synchronously'
	/Library/Ruby/Gems/1.8/gems/passenger-2.2.5/bin/passenger-spawn-server:61
127.0.0.1 - - [21/Sep/2009 09:22:46] "GET /=jquery.path " 500 122454 0.1109
RuntimeError - Could not find jquery.path in load path:
 lib/source_file.rb:17:in `initialize'
 lib/expander.rb:12:in `new'
 lib/expander.rb:12:in `load_file'
 lib/expander.rb:8:in `initialize'
 lib/expander.rb:8:in `each'
 lib/expander.rb:8:in `initialize'
 app.rb:29:in `new'
 app.rb:29:in `GET (?-mix:\/=(.+)[?]?(.*))'RuntimeError: Could not find jquery.path in load path
	./lib/source_file.rb:17:in `initialize'
	./lib/expander.rb:12:in `new'
	./lib/expander.rb:12:in `load_file'
	./lib/expander.rb:8:in `initialize'
	./lib/expander.rb:8:in `each'
	./lib/expander.rb:8:in `initialize'
	./app.rb:29:in `new'
	./app.rb:29:in `GET (?-mix:\/=(.+)[?]?(.*))'
	/Library/Ruby/Gems/1.8/gems/sinatra-0.9.4/lib/sinatra/base.rb:779:in `call'
	/Library/Ruby/Gems/1.8/gems/sinatra-0.9.4/lib/sinatra/base.rb:779:in `route'
	/Library/Ruby/Gems/1.8/gems/sinatra-0.9.4/lib/sinatra/base.rb:474:in `instance_eval'
	/Library/Ruby/Gems/1.8/gems/sinatra-0.9.4/lib/sinatra/base.rb:474:in `route_eval'
	/Library/Ruby/Gems/1.8/gems/sinatra-0.9.4/lib/sinatra/base.rb:463:in `route!'
	/Library/Ruby/Gems/1.8/gems/sinatra-0.9.4/lib/sinatra/base.rb:460:in `catch'
	/Library/Ruby/Gems/1.8/gems/sinatra-0.9.4/lib/sinatra/base.rb:460:in `route!'
	/Library/Ruby/Gems/1.8/gems/sinatra-0.9.4/lib/sinatra/base.rb:439:in `each'
	/Library/Ruby/Gems/1.8/gems/sinatra-0.9.4/lib/sinatra/base.rb:439:in `route!'
	/Library/Ruby/Gems/1.8/gems/sinatra-0.9.4/lib/sinatra/base.rb:555:in `dispatch!'
	/Library/Ruby/Gems/1.8/gems/sinatra-0.9.4/lib/sinatra/base.rb:375:in `call!'
	/Library/Ruby/Gems/1.8/gems/sinatra-0.9.4/lib/sinatra/base.rb:522:in `instance_eval'
	/Library/Ruby/Gems/1.8/gems/sinatra-0.9.4/lib/sinatra/base.rb:522:in `invoke'
	/Library/Ruby/Gems/1.8/gems/sinatra-0.9.4/lib/sinatra/base.rb:522:in `catch'
	/Library/Ruby/Gems/1.8/gems/sinatra-0.9.4/lib/sinatra/base.rb:522:in `invoke'
	/Library/Ruby/Gems/1.8/gems/sinatra-0.9.4/lib/sinatra/compat.rb:138:in `invoke'
	/Library/Ruby/Gems/1.8/gems/sinatra-0.9.4/lib/sinatra/base.rb:375:in `call!'
	/Library/Ruby/Gems/1.8/gems/sinatra-0.9.4/lib/sinatra/base.rb:364:in `call'
	/Library/Ruby/Gems/1.8/gems/passenger-2.2.5/vendor/rack-1.0.0-git/lib/rack/showexceptions.rb:24:in `call'
	/Library/Ruby/Gems/1.8/gems/passenger-2.2.5/vendor/rack-1.0.0-git/lib/rack/methodoverride.rb:24:in `call'
	/Library/Ruby/Gems/1.8/gems/passenger-2.2.5/vendor/rack-1.0.0-git/lib/rack/commonlogger.rb:18:in `call'
	/Library/Ruby/Gems/1.8/gems/sinatra-0.9.4/lib/sinatra/base.rb:898:in `call'
	/Library/Ruby/Gems/1.8/gems/sinatra-0.9.4/lib/sinatra/base.rb:943:in `synchronize'
	/Library/Ruby/Gems/1.8/gems/sinatra-0.9.4/lib/sinatra/base.rb:898:in `call'
	/Library/Ruby/Gems/1.8/gems/passenger-2.2.5/lib/phusion_passenger/rack/request_handler.rb:95:in `process_request'
	/Library/Ruby/Gems/1.8/gems/passenger-2.2.5/lib/phusion_passenger/abstract_request_handler.rb:207:in `main_loop'
	/Library/Ruby/Gems/1.8/gems/passenger-2.2.5/lib/phusion_passenger/rack/application_spawner.rb:118:in `run'
	/Library/Ruby/Gems/1.8/gems/passenger-2.2.5/lib/phusion_passenger/rack/application_spawner.rb:69:in `spawn_application'
	/Library/Ruby/Gems/1.8/gems/passenger-2.2.5/lib/phusion_passenger/utils.rb:183:in `safe_fork'
	/Library/Ruby/Gems/1.8/gems/passenger-2.2.5/lib/phusion_passenger/rack/application_spawner.rb:62:in `spawn_application'
	/Library/Ruby/Gems/1.8/gems/passenger-2.2.5/lib/phusion_passenger/rack/application_spawner.rb:45:in `spawn_application'
	/Library/Ruby/Gems/1.8/gems/passenger-2.2.5/lib/phusion_passenger/spawn_manager.rb:159:in `spawn_application'
	/Library/Ruby/Gems/1.8/gems/passenger-2.2.5/lib/phusion_passenger/spawn_manager.rb:287:in `handle_spawn_application'
	/Library/Ruby/Gems/1.8/gems/passenger-2.2.5/lib/phusion_passenger/abstract_server.rb:352:in `__send__'
	/Library/Ruby/Gems/1.8/gems/passenger-2.2.5/lib/phusion_passenger/abstract_server.rb:352:in `main_loop'
	/Library/Ruby/Gems/1.8/gems/passenger-2.2.5/lib/phusion_passenger/abstract_server.rb:196:in `start_synchronously'
	/Library/Ruby/Gems/1.8/gems/passenger-2.2.5/bin/passenger-spawn-server:61
127.0.0.1 - - [21/Sep/2009 09:23:24] "GET /=jquery.path " 500 122582 0.1341
127.0.0.1 - - [21/Sep/2009 09:23:24] "GET /__sinatra__/500.png " 304 - 0.0012
127.0.0.1 - - [21/Sep/2009 09:23:27] "GET /=jquery-path " 200 2674 0.0022
127.0.0.1 - - [21/Sep/2009 09:23:36] "GET /=dark.css " 200 6993 0.0182
127.0.0.1 - - [21/Sep/2009 09:23:47] "GET /=jquery,jquery-path " 200 208 0.0114
127.0.0.1 - - [21/Sep/2009 09:23:47] "GET /os/jquery-path/jquery-path.js " 200 2674 0.0398
127.0.0.1 - - [21/Sep/2009 09:23:51] "GET /=jquery,jquery-path " 200 208 0.0126
127.0.0.1 - - [21/Sep/2009 09:23:51] "GET /=dark.css " 304 - 0.0172
127.0.0.1 - - [21/Sep/2009 09:23:51] "GET /os/ie-css/jquery.js " 304 - 0.0413
127.0.0.1 - - [21/Sep/2009 09:23:51] "GET /os/jquery-path/jquery-path.js " 304 - 0.0415
127.0.0.1 - - [21/Sep/2009 09:24:10] "GET /=jquery,jquery-path " 200 208 0.0147
127.0.0.1 - - [21/Sep/2009 09:24:10] "GET /=dark.css " 304 - 0.0174
127.0.0.1 - - [21/Sep/2009 09:24:10] "GET /os/ie-css/jquery.js " 304 - 0.0611
127.0.0.1 - - [21/Sep/2009 09:24:10] "GET /os/jquery-path/jquery-path.js " 304 - 0.0383
127.0.0.1 - - [21/Sep/2009 09:24:18] "GET /=jquery,jquery-path " 200 208 0.0115
127.0.0.1 - - [21/Sep/2009 09:24:18] "GET /=dark.css " 304 - 0.0169
127.0.0.1 - - [21/Sep/2009 09:24:18] "GET /os/ie-css/jquery.js " 304 - 0.0384
127.0.0.1 - - [21/Sep/2009 09:24:18] "GET /os/jquery-path/jquery-path.js " 304 - 0.0386
127.0.0.1 - - [21/Sep/2009 09:24:56] "GET /=jquery,jquery-path " 200 208 0.0183
127.0.0.1 - - [21/Sep/2009 09:24:56] "GET /=dark.css " 304 - 0.0184
127.0.0.1 - - [21/Sep/2009 09:24:56] "GET /os/ie-css/jquery.js " 304 - 0.0393
127.0.0.1 - - [21/Sep/2009 09:24:57] "GET /os/jquery-path/jquery-path.js " 304 - 0.0394
127.0.0.1 - - [21/Sep/2009 09:24:58] "GET /=jquery,jquery-path " 200 208 0.0127
127.0.0.1 - - [21/Sep/2009 09:24:58] "GET /=dark.css " 304 - 0.0186
127.0.0.1 - - [21/Sep/2009 09:24:58] "GET /os/ie-css/jquery.js " 304 - 0.0399
127.0.0.1 - - [21/Sep/2009 09:24:58] "GET /os/jquery-path/jquery-path.js " 304 - 0.0690
127.0.0.1 - - [21/Sep/2009 09:25:06] "GET /=jquery,jquery-path " 200 208 0.0124
127.0.0.1 - - [21/Sep/2009 09:25:06] "GET /=dark.css " 304 - 0.0199
127.0.0.1 - - [21/Sep/2009 09:25:06] "GET /os/ie-css/jquery.js " 304 - 0.0639
127.0.0.1 - - [21/Sep/2009 09:25:06] "GET /os/jquery-path/jquery-path.js " 304 - 0.0387
127.0.0.1 - - [21/Sep/2009 09:25:27] "GET /=jquery,jquery-path " 200 208 0.0123
127.0.0.1 - - [21/Sep/2009 09:25:27] "GET /=dark.css " 304 - 0.0182
127.0.0.1 - - [21/Sep/2009 09:25:27] "GET /os/ie-css/jquery.js " 304 - 0.0383
127.0.0.1 - - [21/Sep/2009 09:25:27] "GET /os/jquery-path/jquery-path.js " 304 - 0.0377
127.0.0.1 - - [21/Sep/2009 09:26:10] "GET /=jquery,jquery-path " 200 208 0.0122
127.0.0.1 - - [21/Sep/2009 09:26:10] "GET /=dark.css " 304 - 0.0205
127.0.0.1 - - [21/Sep/2009 09:26:10] "GET /os/ie-css/jquery.js " 304 - 0.0396
127.0.0.1 - - [21/Sep/2009 09:26:10] "GET /os/jquery-path/jquery-path.js " 304 - 0.0376
127.0.0.1 - - [21/Sep/2009 09:26:36] "GET /=jquery,jquery-path " 200 208 0.0115
127.0.0.1 - - [21/Sep/2009 09:26:36] "GET /=dark.css " 304 - 0.0184
127.0.0.1 - - [21/Sep/2009 09:26:36] "GET /os/ie-css/jquery.js " 304 - 0.0388
127.0.0.1 - - [21/Sep/2009 09:26:36] "GET /os/jquery-path/jquery-path.js " 304 - 0.0374
127.0.0.1 - - [21/Sep/2009 09:26:55] "GET /=jquery,jquery-path " 200 208 0.0114
127.0.0.1 - - [21/Sep/2009 09:26:55] "GET /=dark.css " 304 - 0.0194
127.0.0.1 - - [21/Sep/2009 09:26:55] "GET /os/ie-css/jquery.js " 304 - 0.0618
127.0.0.1 - - [21/Sep/2009 09:26:55] "GET /os/jquery-path/jquery-path.js " 304 - 0.0383
127.0.0.1 - - [21/Sep/2009 09:26:59] "GET /=jquery,jquery-path " 200 208 0.0125
127.0.0.1 - - [21/Sep/2009 09:26:59] "GET /=dark.css " 304 - 0.0170
127.0.0.1 - - [21/Sep/2009 09:26:59] "GET /os/ie-css/jquery.js " 304 - 0.0390
127.0.0.1 - - [21/Sep/2009 09:27:00] "GET /os/jquery-path/jquery-path.js " 304 - 0.0687
127.0.0.1 - - [21/Sep/2009 09:27:01] "GET /=jquery,jquery-path " 200 208 0.0121
127.0.0.1 - - [21/Sep/2009 09:27:01] "GET /=dark.css " 304 - 0.0171
127.0.0.1 - - [21/Sep/2009 09:27:01] "GET /os/ie-css/jquery.js " 304 - 0.0400
127.0.0.1 - - [21/Sep/2009 09:27:01] "GET /os/jquery-path/jquery-path.js " 304 - 0.0374
127.0.0.1 - - [21/Sep/2009 09:27:02] "GET /=jquery,jquery-path " 200 208 0.0115
127.0.0.1 - - [21/Sep/2009 09:27:02] "GET /=dark.css " 304 - 0.0170
127.0.0.1 - - [21/Sep/2009 09:27:02] "GET /os/ie-css/jquery.js " 304 - 0.0386
127.0.0.1 - - [21/Sep/2009 09:27:02] "GET /os/jquery-path/jquery-path.js " 304 - 0.0380
127.0.0.1 - - [21/Sep/2009 09:27:02] "GET /=jquery,jquery-path " 200 208 0.0113
127.0.0.1 - - [21/Sep/2009 09:27:02] "GET /=dark.css " 304 - 0.0169
127.0.0.1 - - [21/Sep/2009 09:27:02] "GET /os/ie-css/jquery.js " 304 - 0.0387
127.0.0.1 - - [21/Sep/2009 09:27:03] "GET /os/jquery-path/jquery-path.js " 304 - 0.0584
127.0.0.1 - - [21/Sep/2009 09:27:03] "GET /=jquery,jquery-path " 200 208 0.0114
127.0.0.1 - - [21/Sep/2009 09:27:03] "GET /=dark.css " 304 - 0.0171
127.0.0.1 - - [21/Sep/2009 09:27:03] "GET /os/ie-css/jquery.js " 304 - 0.0388
127.0.0.1 - - [21/Sep/2009 09:27:04] "GET /os/jquery-path/jquery-path.js " 304 - 0.0402
127.0.0.1 - - [21/Sep/2009 09:28:44] "GET /=jquery,jquery-path " 200 208 0.0119
127.0.0.1 - - [21/Sep/2009 09:28:44] "GET /=dark.css " 304 - 0.0194
127.0.0.1 - - [21/Sep/2009 09:28:44] "GET /os/ie-css/jquery.js " 304 - 0.0388
127.0.0.1 - - [21/Sep/2009 09:28:44] "GET /os/jquery-path/jquery-path.js " 304 - 0.0381
127.0.0.1 - - [21/Sep/2009 09:29:06] "GET /=jquery,jquery-path " 200 208 0.0129
127.0.0.1 - - [21/Sep/2009 09:29:06] "GET /=dark.css " 304 - 0.0207
127.0.0.1 - - [21/Sep/2009 09:29:06] "GET /os/ie-css/jquery.js " 304 - 0.0398
127.0.0.1 - - [21/Sep/2009 09:29:06] "GET /os/jquery-path/jquery-path.js " 304 - 0.0676
127.0.0.1 - - [21/Sep/2009 09:29:16] "GET /=jquery,jquery-path " 200 208 0.0132
127.0.0.1 - - [21/Sep/2009 09:29:16] "GET /=dark.css " 304 - 0.0178
127.0.0.1 - - [21/Sep/2009 09:29:16] "GET /os/ie-css/jquery.js " 304 - 0.0386
127.0.0.1 - - [21/Sep/2009 09:29:16] "GET /os/jquery-path/jquery-path.js " 304 - 0.0598
127.0.0.1 - - [21/Sep/2009 09:29:37] "GET /=jquery,jquery-path " 200 208 0.0114
127.0.0.1 - - [21/Sep/2009 09:29:37] "GET /=dark.css " 304 - 0.0194
127.0.0.1 - - [21/Sep/2009 09:29:37] "GET /os/ie-css/jquery.js " 304 - 0.0395
127.0.0.1 - - [21/Sep/2009 09:29:37] "GET /os/jquery-path/jquery-path.js " 304 - 0.0374
127.0.0.1 - - [21/Sep/2009 09:29:43] "GET /=jquery,jquery-path " 200 208 0.0126
127.0.0.1 - - [21/Sep/2009 09:29:43] "GET /=dark.css " 304 - 0.0173
127.0.0.1 - - [21/Sep/2009 09:29:43] "GET /os/ie-css/jquery.js " 304 - 0.0384
127.0.0.1 - - [21/Sep/2009 09:29:43] "GET /os/jquery-path/jquery-path.js " 304 - 0.0376
127.0.0.1 - - [21/Sep/2009 09:29:49] "GET /=jquery,jquery-path " 200 208 0.4299
127.0.0.1 - - [21/Sep/2009 09:29:49] "GET /=dark.css " 304 - 0.4057
127.0.0.1 - - [21/Sep/2009 09:29:49] "GET /os/ie-css/jquery.js " 304 - 0.0377
127.0.0.1 - - [21/Sep/2009 09:29:49] "GET /os/jquery-path/jquery-path.js " 304 - 0.0367
127.0.0.1 - - [21/Sep/2009 09:30:02] "GET /=jquery,jquery-path " 200 208 0.0128
127.0.0.1 - - [21/Sep/2009 09:30:02] "GET /=dark.css " 304 - 0.0175
127.0.0.1 - - [21/Sep/2009 09:30:02] "GET /os/ie-css/jquery.js " 304 - 0.0385
127.0.0.1 - - [21/Sep/2009 09:30:02] "GET /os/jquery-path/jquery-path.js " 304 - 0.0383
127.0.0.1 - - [21/Sep/2009 09:30:03] "GET /=jquery,jquery-path " 200 208 0.0364
127.0.0.1 - - [21/Sep/2009 09:30:03] "GET /=dark.css " 304 - 0.0277
127.0.0.1 - - [21/Sep/2009 09:30:03] "GET /os/ie-css/jquery.js " 304 - 0.0446
127.0.0.1 - - [21/Sep/2009 09:30:03] "GET /os/jquery-path/jquery-path.js " 304 - 0.0701
127.0.0.1 - - [21/Sep/2009 09:30:11] "GET /=jquery,jquery-path " 200 208 0.0129
127.0.0.1 - - [21/Sep/2009 09:30:11] "GET /=dark.css " 304 - 0.0191
127.0.0.1 - - [21/Sep/2009 09:30:11] "GET /os/ie-css/jquery.js " 304 - 0.0395
127.0.0.1 - - [21/Sep/2009 09:30:11] "GET /os/jquery-path/jquery-path.js " 304 - 0.0374
127.0.0.1 - - [21/Sep/2009 09:31:08] "GET /=jquery,jquery-path " 200 208 0.0129
127.0.0.1 - - [21/Sep/2009 09:31:08] "GET /=dark.css " 304 - 0.0195
127.0.0.1 - - [21/Sep/2009 09:31:08] "GET /os/ie-css/jquery.js " 304 - 0.0404
127.0.0.1 - - [21/Sep/2009 09:31:08] "GET /os/jquery-path/jquery-path.js " 304 - 0.0376
127.0.0.1 - - [21/Sep/2009 09:31:26] "GET /=jquery,jquery-path " 200 208 0.0134
127.0.0.1 - - [21/Sep/2009 09:31:26] "GET /=dark.css " 304 - 0.0184
127.0.0.1 - - [21/Sep/2009 09:31:26] "GET /os/ie-css/jquery.js " 304 - 0.0390
127.0.0.1 - - [21/Sep/2009 09:31:26] "GET /os/jquery-path/jquery-path.js " 304 - 0.0383
127.0.0.1 - - [21/Sep/2009 09:31:42] "GET /=jquery,jquery-path " 200 208 0.0394
127.0.0.1 - - [21/Sep/2009 09:31:42] "GET /=dark.css " 304 - 0.0169
127.0.0.1 - - [21/Sep/2009 09:31:42] "GET /os/ie-css/jquery.js " 304 - 0.0375
127.0.0.1 - - [21/Sep/2009 09:31:42] "GET /os/jquery-path/jquery-path.js " 304 - 0.0385
127.0.0.1 - - [21/Sep/2009 09:32:10] "GET /=jquery,jquery-path " 200 208 0.0116
127.0.0.1 - - [21/Sep/2009 09:32:10] "GET /=dark.css " 304 - 0.0202
127.0.0.1 - - [21/Sep/2009 09:32:10] "GET /os/ie-css/jquery.js " 304 - 0.0389
127.0.0.1 - - [21/Sep/2009 09:32:10] "GET /os/jquery-path/jquery-path.js " 304 - 0.0378
127.0.0.1 - - [21/Sep/2009 09:32:16] "GET /=jquery,jquery-path " 200 208 0.0129
127.0.0.1 - - [21/Sep/2009 09:32:16] "GET /=dark.css " 304 - 0.0174
127.0.0.1 - - [21/Sep/2009 09:32:16] "GET /os/ie-css/jquery.js " 304 - 0.0390
127.0.0.1 - - [21/Sep/2009 09:32:16] "GET /os/jquery-path/jquery-path.js " 304 - 0.0381
